d:\yc\3d\code\c++\webchat\yc-webserver\x64\debug\vc143.pdb
d:\yc\3d\code\c++\webchat\yc-webserver\x64\debug\vc143.idb
d:\yc\3d\code\c++\webchat\yc-webserver\x64\debug\response.obj
d:\yc\3d\code\c++\webchat\yc-webserver\x64\debug\request.obj
d:\yc\3d\code\c++\webchat\yc-webserver\x64\debug\main.obj
d:\yc\3d\code\c++\webchat\yc-webserver\x64\debug\httpserver.obj
d:\yc\3d\code\c++\webchat\yc-webserver\x64\debug\controller.obj
d:\yc\3d\code\c++\webchat\yc-webserver\x64\debug\contexttype.obj
d:\yc\3d\code\c++\webchat\x64\debug\yc-webserver.lib
d:\yc\3d\code\c++\webchat\x64\debug\yc-webserver.exe
d:\yc\3d\code\c++\webchat\yc-webserver\x64\debug\yc-webserver.ilk
d:\yc\3d\code\c++\webchat\x64\debug\yc-webserver.pdb
d:\yc\3d\code\c++\webchat\yc-webserver\x64\debug\yc-webserver.tlog\cl.command.1.tlog
d:\yc\3d\code\c++\webchat\yc-webserver\x64\debug\yc-webserver.tlog\cl.read.1.tlog
d:\yc\3d\code\c++\webchat\yc-webserver\x64\debug\yc-webserver.tlog\cl.write.1.tlog
d:\yc\3d\code\c++\webchat\yc-webserver\x64\debug\yc-webserver.tlog\lib-link.read.1.tlog
d:\yc\3d\code\c++\webchat\yc-webserver\x64\debug\yc-webserver.tlog\lib-link.write.1.tlog
d:\yc\3d\code\c++\webchat\yc-webserver\x64\debug\yc-webserver.tlog\lib.command.1.tlog
d:\yc\3d\code\c++\webchat\yc-webserver\x64\debug\yc-webserver.tlog\link.command.1.tlog
d:\yc\3d\code\c++\webchat\yc-webserver\x64\debug\yc-webserver.tlog\link.read.1.tlog
d:\yc\3d\code\c++\webchat\yc-webserver\x64\debug\yc-webserver.tlog\link.write.1.tlog
